# Per-Attribute Include/Exclude in Mapping Designer

## Context
Users needed the ability to intentionally exclude specific ontology attributes from the mapping,
rather than having all unmapped attributes flagged as gaps. This adds a checkbox per attribute in
the Designer bottom pane (Status tab, Attributes table) — checked = included (default),
unchecked = excluded from mapping, validation and gap reporting.

## Changes

1. **`src/front/static/mapping/js/mapping-design.js`**
   - Added `excludedAttributes: []` field to `EntityPanelState` and `RelPanelState`
   - `initEntityPanel()` / `initRelationshipPanel()`: initialise `excludedAttributes` from
     `existingMapping.excluded_attributes` on panel open
   - `epOntologyRows` / `rpOntologyRows`: replaced static index+icon rows with checkbox rows
     (`ep-attr-include-cb` / `rp-attr-include-cb`); excluded attributes render with
     strikethrough and a dash icon
   - Updated table headers: `#` column replaced with a `bi-check2-square` icon column
   - `initEntityPanel()` / `initRelationshipPanel()`: added `change` event listeners on
     per-attribute checkboxes; unchecking also removes the attribute from `attributeMappings`
     and updates the row DOM in place (no full re-render)
   - `saveEntityPanelMapping()` / `saveRelPanelMapping()`: filters excluded attributes out of
     `attribute_mappings` before saving, and writes `excluded_attributes` array into the
     mapping object when non-empty

2. **`src/back/objects/mapping/Mapping.py`**
   - `build_entity_mapping()`: propagates `excluded_attributes` list when present in input data
   - `build_relationship_mapping()`: same
   - `compute_mapping_gaps()`: attributes listed in `excluded_attributes` are no longer reported
     as unmapped gaps

## Modified Files
- `src/front/static/mapping/js/mapping-design.js`
- `src/back/objects/mapping/Mapping.py`

## Test Results
- 132 mapping-specific tests: all passed
- Full unit suite (excluding e2e / property tests requiring optional deps): 2573 passed, 5 pre-existing failures (Lakebase/psycopg not installed), 57 skipped
