# 2026-07-02 — benoitcayladbx — v0.6.0

## Edit-lock refactor + failed-switch hardening + dead session-data removal

### Context

Follow-up to the code review of the "close-before-open" edit-lock change. The
review approved (a) consolidating the duplicated holder-release logic, (b)
de-duplicating the edit-lock DELETE SQL, (c) moving the load-from-uc lock
orchestration out of the route into `EditLockService`, (d) hardening the failed
cross-domain switch so a released lock is not orphaned, and (e) removing dead
session-data. All changes are behaviour-preserving except (d), which closes a
correctness gap, and (e), which drops an unused field.

### Changes

1. `src/back/objects/registry/EditLockService.py`
   - `on_domain_loaded` now reuses `release_prev` for its previous-version
     release instead of an inline `store.release_edit_lock` try/except — the
     holder-scoped release lives in one place (Extract/Reuse).
   - Added `release_prev_on_switch(...)`: encapsulates the case-insensitive
     domain-switch detection and the pre-load release, returning whether this
     was a cross-domain switch. Moves that decision out of the route.
   - Added `reacquire(...)`: best-effort restore of a specific
     `(folder, version)` lock, used when a cross-domain switch's load fails
     after the previous lock was already freed. Never raises.
2. `src/api/routers/internal/domain.py`
   - `load_domain_from_uc` thinned to delegate to
     `EditLockService.release_prev_on_switch` (pre-load) and `on_domain_loaded`
     (post-load).
   - Failed-switch hardening: if the load raises *or* returns a failure
     envelope after a cross-domain release, the previous lock is re-acquired via
     `EditLockService.reacquire` so a failed switch never orphans the user's
     lock on the domain they came from.
3. `src/back/objects/registry/store/lakebase/store.py`
   - Extracted `_delete_edit_lock(cur, sch, folder, version, holder_email=None)`
     shared by `release_edit_lock` (holder-scoped) and `force_release_edit_lock`
     (unconditional) — removes the duplicated DELETE … USING SQL.
4. `src/back/objects/session/DomainSession.py`
   - Removed the dead `triplestore.source_versions` init entry (no property,
     reader, or writer referenced it anywhere in `src/`); tidied the
     `triplestore` property docstring.

### Tests

- `tests/units/registry/test_edit_lock_service.py`: added coverage for
  `release_prev`, `release_prev_on_switch` (switch + same-domain defer, case
  insensitive), `reacquire`, and `on_domain_loaded`'s deferred version-switch
  release.
- `tests/units/api/test_edit_lock_endpoints.py`: added failed-switch
  re-acquire tests (failure envelope + raised exception); made the existing
  "no lock block on failure" test's empty-prev intent explicit.

### Modified files

- `src/back/objects/registry/EditLockService.py`
- `src/api/routers/internal/domain.py`
- `src/back/objects/registry/store/lakebase/store.py`
- `src/back/objects/session/DomainSession.py`
- `tests/units/registry/test_edit_lock_service.py`
- `tests/units/api/test_edit_lock_endpoints.py`

### Test result

- `uv run pytest -q -m "not scenario"` → **2957 passed, 275 skipped, 5
  deselected** in ~28s.
- `uv run pytest tests/e2e/scenarios --collect-only -q` → 5 scenario tests
  collected (no import regressions).
- Lint clean on all changed files.

### Notes / deferred

- `triplestore.build_last_update`, `is_active_version`, and `precision_score`
  were reviewed but **kept**: `build_last_update` is written by the dtwin build
  route and read by the build pipeline; `is_active_version`/`precision_score`
  are cached values whose "compute on read" would change behaviour / recompute
  pitfalls on every read (out of scope for a behaviour-preserving pass).


## Edit-lock lease — auto-expire abandoned locks (renew-only, no unload-release)

### Context

The single-editor DRAFT lock had **no auto-expiry**: a crashed browser or a tab
closed without hitting **Close** held the lock forever, recoverable only by an
admin force-unlock (Settings › Locks) or take-over. Requested: a lease so
abandoned locks free themselves. The earlier heartbeat model was removed
precisely because it *released on unload*, and a multi-page app unloads on every
navigation — so the lock got stolen mid-session. This adds a **renew-only
lease**: the lock is never released on unload; it only lapses when the holder
stops renewing for a full TTL, at which point the next opener silently reclaims
it. Reuses the long-dormant `heartbeat_at` column as the lease clock (no
migration). Config: `ONTOBRICKS_EDIT_LOCK_TTL_S` (seconds, default `600`; `0`
disables the lease → prior hold-until-close behaviour).

### Changes

1. `src/back/objects/registry/store/lakebase/store.py`
   - `acquire_edit_lock(..., ttl_seconds=0)`: `ON CONFLICT` now also grants when
     the current lease is **stale** (`ttl > 0 AND now() - heartbeat_at >
     make_interval(secs => ttl)`). Bumps `heartbeat_at = now()` on every grant;
     resets `acquired_at` only when the holder actually changes (a same-holder
     refresh keeps the original session start via a `CASE`).
   - New `renew_edit_lock(folder, version, *, holder_email)` → `UPDATE
     heartbeat_at = now()` iff the caller still holds it; `False` = lease lost.
   - `get_edit_lock(..., ttl_seconds=0)` / `_get_edit_lock_row(...)` compute an
     `is_stale` flag server-side and return `heartbeat_at`.
   - `list_all_edit_locks(ttl_seconds=0)` adds `heartbeat_at` + `is_stale` for
     the admin Locks panel.
2. `src/back/objects/registry/EditLockService.py`
   - New `renew(...)` → `{success, renewed}` (DRAFT-gated, holder-scoped).
   - `_ttl_seconds()` reads `ONTOBRICKS_EDIT_LOCK_TTL_S` (default 600, `0`
     disables); threaded into every `acquire_edit_lock` / `get_edit_lock` /
     `list_all_edit_locks` call.
   - `blocking_holder` now treats a **stale** lease as *not blocking*, so the
     `PermissionMiddleware` edit gate never locks a new editor out on an
     abandoned lock.
   - Status/acquire payloads carry `lease_ttl_s` (client renew-cadence hint).
3. `src/api/routers/internal/domain.py`
   - New `POST /domain/edit-lock/renew` → `EditLockService.renew(...)`. (No
     middleware change: it inherits the same treatment as `/edit-lock/acquire`
     and is not status-gated, so it never trips the edit-lock 403 gate.)
4. `src/front/static/global/js/edit-lock.js`
   - While `mode == "edit"` and `lease_ttl_s > 0`, a keep-alive timer pings
     `/domain/edit-lock/renew` every ~TTL/3 (and on tab re-focus). Never
     releases on unload — the timer just dies and the lease lapses naturally.
   - On a lost lease (`renewed === false`) it flips to read-only and shows a
     new **"your editing session expired — read-only, saving disabled"** banner
     with a **Reload** button. Transient network/backend blips are ignored (the
     next tick retries).

### Docs

- `docs/user-guide.md`, `docs/architecture.md`, `docs/features.md`: rewrote the
  single-editor sections from "release-based, no TTL" to the renew-only lease
  (auto-expiry, background renew, `ONTOBRICKS_EDIT_LOCK_TTL_S`, expired banner,
  stale-lease handling in the gate + admin panel).

### Tests

- `tests/units/registry/test_edit_lock_store.py`: TTL reclaim clause + params,
  `renew_edit_lock` (holder / non-holder), `get_edit_lock` `is_stale` calc +
  stale passthrough, updated `list_all` params to the TTL pair.
- `tests/units/registry/test_edit_lock_service.py`: `renew` (renewed / lost /
  non-DRAFT no-op), `status` exposes `lease_ttl_s` + forwards `ttl_seconds`,
  `blocking_holder` ignores a stale lease.
- `tests/units/api/test_edit_lock_endpoints.py`: `/domain/edit-lock/renew`
  delegation.

### Modified files

- `src/back/objects/registry/store/lakebase/store.py`
- `src/back/objects/registry/EditLockService.py`
- `src/api/routers/internal/domain.py`
- `src/front/static/global/js/edit-lock.js`
- `tests/units/registry/test_edit_lock_store.py`
- `tests/units/registry/test_edit_lock_service.py`
- `tests/units/api/test_edit_lock_endpoints.py`
- `docs/user-guide.md`, `docs/architecture.md`, `docs/features.md`

### Test result

- Edit-lock suites (`test_edit_lock_store` + `_service` + `_endpoints`) →
  **57 passed**.
- Full `uv run pytest -q -m "not scenario"` → **2967 passed, 275 skipped, 5
  deselected** in ~28s. Lint clean on all changed files.
- No schema migration: `heartbeat_at` already exists live and in `schema.sql`
  (retained from the original heartbeat model).


## Refactor — group the edit-lock service into a `lockmgt` subpackage

### Context

Follow-up housekeeping: gather the lock-specific application code into a
dedicated subpackage instead of a lone module beside the other registry
services. Only `EditLockService` is a standalone lock module and is cleanly
movable. The lock's *persistence* (`acquire_edit_lock` / `renew_edit_lock` /
… on `LakebaseRegistryStore`) stays with the store — extracting it would split
a class across files (forbidden by `.cursor/07`); the HTTP routes, `schema.sql`
DDL, and the `edit-lock.js` static asset likewise stay in their layers. This is
a pure **Move Module** refactor — behaviour unchanged.

Refactoring applied: *Move Module* (Fowler) + package re-export via
`__init__.py` per `.cursor/07 §__init__.py Conventions` ("import from the
package").

### Changes

1. `src/back/objects/registry/lockmgt/` (new subpackage)
   - `EditLockService.py` — moved here from
     `src/back/objects/registry/EditLockService.py` (`git mv`, content
     unchanged; its imports were already absolute).
   - `__init__.py` — re-exports `EditLockService` + the `MODE_EDIT` /
     `MODE_VIEW` / `MODE_NONE` constants.
2. Import sites repointed to `from back.objects.registry.lockmgt import
   EditLockService`:
   - `src/api/routers/internal/domain.py` (7), `settings.py` (2), `home.py`,
     `src/shared/fastapi/main.py`.
3. Tests repointed to the new module path
   (`back.objects.registry.lockmgt.EditLockService`):
   - `tests/units/registry/test_edit_lock_service.py`,
     `tests/units/api/test_edit_lock_endpoints.py`.
4. `docs/sphinx/api/app.objects.registry.rst` — `automodule` path updated to
   `back.objects.registry.lockmgt.EditLockService`.

### Modified files

- `src/back/objects/registry/lockmgt/__init__.py` (new)
- `src/back/objects/registry/lockmgt/EditLockService.py` (moved)
- `src/api/routers/internal/domain.py`
- `src/api/routers/internal/settings.py`
- `src/api/routers/internal/home.py`
- `src/shared/fastapi/main.py`
- `tests/units/registry/test_edit_lock_service.py`
- `tests/units/api/test_edit_lock_endpoints.py`
- `docs/sphinx/api/app.objects.registry.rst`

### Test result

- Lock + permission-middleware suites → **310 passed**.
- Full `uv run pytest -q -m "not scenario"` → **2967 passed, 275 skipped, 5
  deselected**. Lint clean; no behavioural change.


## Feature — lease countdown tooltip on the navbar domain badge

### Context

With the renew-only lease in place, the remaining lease time was invisible.
Added a hover tooltip on the navbar domain badge that shows — only while this
browser is the editor — a live countdown of the lease (time until expiry if the
tab goes idle). Frontend-only; reuses the Bootstrap `Tooltip` already used
elsewhere (e.g. `permissions.js`).

### Changes

1. `src/front/static/global/js/edit-lock.js`
   - Track `leaseTtlS` + `lastRenewAt`; `startRenew` records the lease start and
     `doRenew` resets `lastRenewAt` on each confirmed renew (`renewed === true`).
   - `setupLeaseTooltip()` attaches a Bootstrap tooltip to `#currentDomainName`
     (the navbar domain badge) with a dynamic title; it is created only in the
     `mode === "edit"` branch (i.e. only while editing) and only when a lease is
     configured. On `shown.bs.tooltip` a 1s timer refreshes the tooltip content
     (`setContent`) so the `M:SS` countdown ticks live; cleared on hide.
   - `teardownLeaseTooltip()` disposes the tooltip + timer and is called from
     `onLeaseLost` (editing ended → tooltip removed).
   - Graceful no-op when Bootstrap's `Tooltip` is unavailable.

### Docs

- `docs/user-guide.md`: single-editor section notes the hover countdown on the
  navbar domain name.

### Modified files

- `src/front/static/global/js/edit-lock.js`
- `docs/user-guide.md`

### Test result

- Frontend-only (no Python touched). `node --check` clean; JS lint clean.
- `uv run pytest -q -m "not scenario"` → **2967 passed, 275 skipped, 5
  deselected** (unchanged; re-run for the post-change routine).


## Docs — fold the renew-only lease + lockmgt reorg into the release notes

### Context

After committing + deploying the renew-only edit-lock lease, the release notes
and one README bullet still described the superseded **release-based (no TTL)**
model. Refreshed `releases/ReleaseNotes_V0.6.0.md` to the shipped state and
fixed the stale README wording (`docs/user-guide.md`, `architecture.md`,
`features.md` were already updated in the feature commit). Docs-only.

### Changes

1. `releases/ReleaseNotes_V0.6.0.md`
   - Header: bumped "updated" date to 2026-07-02; refreshed the test-status
     line to the current `-m "not scenario"` result (2967 passed / 275 skipped
     / 5 deselected, 0 failed) and noted the nightly-e2e auto-skip removed the
     old event-loop pollution failures.
   - Summary: reworked the 2026-07-01 paragraph (Settings › Locks,
     close-before-open, scenario campaign) and added a 2026-07-02 paragraph for
     the renew-only lease (auto-expiry, background renew, `ONTOBRICKS_EDIT_LOCK_TTL_S`,
     countdown tooltip, expired banner, `lockmgt` subpackage).
   - §10 rewritten from "release-based, no timeout" to the renew-only lease:
     TTL/`heartbeat_at` reclaim, background renew + expiry UX, countdown tooltip,
     admin Settings › Locks panel, stale-lease-is-free in `PermissionMiddleware`,
     `lockmgt` code-organisation note.
   - Upgrade Notes: corrected the `domain_edit_locks` note (owner-provisioned by
     `bootstrap-lakebase-perms.sh` — the app SP lacks `REFERENCES` for the lazy
     self-heal) and noted the lease needs no migration (reuses `heartbeat_at`).
   - Changes-summary table: repointed `EditLockService.py` →
     `registry/lockmgt/EditLockService.py`; added rows for the renew-only lease
     + tooltip, the admin Locks panel, the `lockmgt` refactor, the live scenario
     campaign, and the `uv.lock` public-CDN re-pin.
2. `README.md`
   - Single-editor concurrency bullet: "release-based (no timeout)" → renew-only
     lease (background renew, countdown tooltip, `ONTOBRICKS_EDIT_LOCK_TTL_S`
     auto-release), and noted the Settings › Locks panel now shows staleness.

### Modified files

- `releases/ReleaseNotes_V0.6.0.md`
- `README.md`

### Test result

- Docs-only (no code touched). `uv run pytest -q -m "not scenario"` →
  **2967 passed, 275 skipped, 5 deselected, 0 failed** in ~27s.


## Feature — configurable edit-lock lease TTL in Settings › Global

### Context

The DRAFT single-editor lease TTL was only settable via the
`ONTOBRICKS_EDIT_LOCK_TTL_S` env var (default 600s = 10 min), which requires a
redeploy to change. Requested: expose it as a runtime, admin-editable setting in
**Settings › Global**, defaulting to 10 min. Reuses the existing global-config
(`GlobalConfigService`) + `registry_cache_ttl` UI pattern. Precedence is now
**Settings › Global** value → `ONTOBRICKS_EDIT_LOCK_TTL_S` env → built-in
default (600s). `0` still disables the lease (hold-until-close).

### Changes

1. `src/back/objects/session/GlobalConfigService.py`
   - Added `get_edit_lock_ttl_s(...)` (returns the stored seconds or `None` when
     unset — deliberately **absent from `_empty()`** so an unconfigured / failed
     load yields the sentinel and the caller falls through to env/default) and
     `set_edit_lock_ttl_s(...)` (persists `edit_lock_ttl_s`, clamps `>= 0`).
2. `src/back/objects/registry/lockmgt/EditLockService.py`
   - `_ttl_seconds(session_mgr=None, settings=None)` now consults
     `GlobalConfigService.get_edit_lock_ttl_s` first (when session context is
     supplied), then env, then default. Global-config lookup is wrapped in
     try/except → falls back on any error.
   - Threaded the resolved `ttl_s` through `status` / `acquire` /
     `on_domain_loaded` / `reacquire` / `blocking_holder` / `list_all` and into
     `_shape` / `_none` (new optional `ttl_s` param) so the store calls and the
     client `lease_ttl_s` hint use one resolved value. Refreshed the module
     docstring's lease paragraph.
3. `src/back/objects/domain/SettingsService.py`
   - Added `get_edit_lock_ttl_result` (returns the effective TTL via
     `EditLockService._ttl_seconds`) and `save_edit_lock_ttl_result`
     (admin-gated, persists globally).
4. `src/api/routers/internal/settings.py`
   - Added `GET /settings/edit-lock-ttl` and `POST /settings/save-edit-lock-ttl`
     (mirrors the registry-cache-TTL pair).
5. `src/front/templates/settings.html`
   - New **Edit Lock Lease (minutes)** field in the Global section (admin-only
     badge, `min=0`, default 10) with help text explaining auto-renew + the
     `0 = disable` semantics.
6. `src/front/static/config/js/settings.js`
   - `loadEditLockTtl()` (seconds → minutes on load) wired into init; a save
     block (minutes → seconds, `mins * 60`) added to the global Save handler.
7. `src/front/templates/partials/settings/_settings_locks.html`
   - Replaced the stale "There is no timeout" copy with the lease description
     pointing at the new Settings › Global control.

### Tests

- `tests/units/registry/test_edit_lock_service.py`: added `_ttl_seconds`
  resolution tests — global-config wins over env, env fallback when unset, `0`
  from global disables, and built-in default when no session context.

### Modified files

- `src/back/objects/session/GlobalConfigService.py`
- `src/back/objects/registry/lockmgt/EditLockService.py`
- `src/back/objects/domain/SettingsService.py`
- `src/api/routers/internal/settings.py`
- `src/front/templates/settings.html`
- `src/front/static/config/js/settings.js`
- `src/front/templates/partials/settings/_settings_locks.html`
- `tests/units/registry/test_edit_lock_service.py`

### Test result

- `uv run pytest -q -m "not scenario"` → **2971 passed, 275 skipped, 5
  deselected** in ~22s. Lint clean on all changed files. No schema migration
  (setting lives in the existing global-config blob).


## Feature — activity-based lease renew + "about to be disconnected" warning modal

### Context

The DRAFT edit lease auto-renewed as long as the tab stayed **open**, regardless
of whether the user was actually doing anything: the client fired a blind
`setInterval` renew every ~TTL/3. So an editor who walked away (but left the tab
open) held the lock indefinitely and kept every other user read-only — the lease
only ever lapsed on a crashed/closed tab, never on a genuinely idle-but-open one.
Requested: tie renewal to real **activity** so an idle editor's lease lapses and
the next opener can reclaim it, and — before that happens — pop a **warning**
telling the user they are about to be disconnected from the project, with a
chance to stay. Frontend-only (plus doc/help-text touch-ups); no API or store
change.

### Changes

1. `src/front/static/global/js/edit-lock.js`
   - Renewal is now **activity-gated**: `mousemove` / `mousedown` / `keydown` /
     `wheel` / `touchstart` / `scroll` (capture phase) and tab re-focus stamp
     `lastActivityAt`. The keep-alive tick (`onRenewTick`, every ~TTL/3) only
     pings `/domain/edit-lock/renew` when the user has been active within the
     last renew interval — otherwise the lease ages and lapses for the next
     opener (matching the server-side reclaim).
   - New 1s **idle watcher** (`onIdleTick`) drives a warning **modal** built on
     the fly (`buildIdleModal`, static backdrop, Bootstrap `Modal` with a
     `notify()` fallback): when the remaining lease drops below `warnLeadMs`
     (≤60s, ≥10s, ≤TTL/3) it shows *"Still editing? …you will be disconnected
     from the project (read-only)"* with a live `M:SS` countdown and a **Keep
     editing** button. Acting (or clicking Keep editing) dismisses it and renews
     immediately; ignoring it until the countdown hits 0 flips to read-only and
     shows the existing "session expired" banner.
   - `remainingSeconds()` now derives from a shared `leaseRemainingMs()`; the
     navbar-badge tooltip copy updated to "renews while you work / released if
     you stay inactive". `stopRenew()` tears down the new timers, activity
     listeners, and the modal.
2. `src/back/objects/registry/lockmgt/EditLockService.py`
   - Module docstring lease paragraph updated: renews **while the editor is
     active**, and an idle editor (client stops renewing, warns first) is now an
     explicit cause of lease lapse alongside crash / closed tab.
3. `src/front/templates/partials/settings/_settings_locks.html`
   - Admin Locks help text notes a lock left by an **inactive** editor (warned
     first) is auto-reclaimed on lease lapse, alongside crashed/closed tabs.

### Modified files

- `src/front/static/global/js/edit-lock.js`
- `src/back/objects/registry/lockmgt/EditLockService.py`
- `src/front/templates/partials/settings/_settings_locks.html`

### Test result

- Frontend-behaviour change (no test-covered Python logic touched — only a
  docstring). `node --check src/front/static/global/js/edit-lock.js` → clean; JS
  lint clean.
- `uv run pytest -q -m "not scenario"` → **2971 passed, 275 skipped, 5
  deselected** in ~27s (unchanged; re-run for the post-change routine).


## Fix — idle-timeout edit-lock was silently re-granted on the next navigation

### Context

Follow-up to the activity-based lease change: after the inactivity lease lapsed
the browser correctly went read-only, **but the lock row was never released** —
the user stayed the recorded holder. Since this is a multi-page app, any
reload / menu navigation re-ran `initEditLock` → `GET /domain/edit-lock`, whose
non-forcing acquire hands a free/own lock straight back to the loader (a stale
lease is still granted to its owner). Net effect: the timeout was undone by the
next click — edit mode came back automatically, defeating the whole point. Fix:
on an **inactivity** timeout, actually release the lock server-side and remember
(per version) that this browser gave editing up, staying read-only across
reloads until the user **explicitly resumes**.

### Changes

1. `src/front/static/global/js/edit-lock.js`
   - New `expireByIdle()` (called from the idle watcher instead of `onLeaseLost`
     directly): `POST /domain/edit-lock/release` (frees the lock immediately for
     other users) + a per-version **sticky flag** in `sessionStorage`
     (`ob:editLockExpired = "folder\u0000version"`), then the usual read-only +
     expired-banner teardown.
   - `initEditLock` now honours the sticky flag: when the status check re-grants
     `mode == "edit"` for the *same* version we timed out on, it re-releases the
     lock and stays read-only (expired banner) instead of resuming editing. A
     `view` result (someone else took it) or `none` clears the flag.
   - Expired banner button relabelled **Reload → "Resume editing"**; it now
     clears the sticky flag before reloading, so an explicit resume is the only
     path that re-acquires the still-free lock. A lease lost to a take-over /
     stale reclaim still flips to read-only via `onLeaseLost` (no sticky — it is
     already gone).
2. `src/back/objects/registry/lockmgt/EditLockService.py`
   - `status(...)` now returns the loaded `folder` / `version` alongside the
     lock block so the client can scope the sticky "expired" state to the exact
     version (prevents a timeout on domain A from suppressing edit on domain B).

### Modified files

- `src/front/static/global/js/edit-lock.js`
- `src/back/objects/registry/lockmgt/EditLockService.py`

### Test result

- `node --check src/front/static/global/js/edit-lock.js` → clean; JS lint clean.
- `uv run pytest -q -m "not scenario"` → **2971 passed, 275 skipped, 5
  deselected** in ~21s (status-shape tests use key access, unaffected by the new
  `folder` / `version` keys).


## Fix — allow comments & task creation in read-only / view mode

### Context

In any read-only mode (`read-only-locked` from the single-editor lock,
`role-viewer`, or `read-only-version`) the discussion offcanvas was half-broken:
the "Comment" / "New task" buttons stayed clickable but the comment textarea and
the task title / assignee / due-date fields were greyed out and unusable — so
you could open the forms but not fill them in. This is wrong: comments and tasks
are **collaboration, not domain editing**. Their `/comments` + `/tasks`
endpoints are neither domain-role- nor lifecycle-status- nor edit-lock-gated
server-side (confirmed in `PermissionMiddleware`: `/comments` is not in
`_DOMAIN_SCOPED_PREFIXES`, not `_STATUS_GATE_*`, so viewers and locked-out users
already pass the backend). The block was purely the frontend `permissions.css`
generic input/textarea/select gate catching the offcanvas fields.

### Changes

1. `src/front/static/global/js/comments-panel.js`
   - Tagged the discussion-offcanvas fields with a `data-collab` marker: the
     comment compose textarea, the reply textarea, and the task form's title
     input, assignee `<select>` and due-date input.
2. `src/front/static/global/css/permissions.css`
   - Added `:not([data-collab])` to the three generic read-only form-field
     selectors (input / textarea / select), mirroring the existing
     `textarea[data-rm-comment]` review-box exemption, so `data-collab` controls
     stay interactive under all three read-only body classes. Documented the new
     exemption in the selector's explanatory comment.

### Modified files

- `src/front/static/global/js/comments-panel.js`
- `src/front/static/global/css/permissions.css`

### Test result

- `node --check src/front/static/global/js/comments-panel.js` → clean.
- `uv run pytest -q -m "not scenario"` → **2971 passed, 275 skipped, 5
  deselected** in ~26s (the discussion-panel asset contract test still passes —
  its token assertions are unaffected by the added `data-collab` attributes).
