## Ontology Validation & Review workflow (Registry → My Tasks + Domain → Validation)

> Reconstructed from the codebase — the original verbatim entry was lost when an
> untracked `2026-06-08.log` was overwritten by a fast-forward pull.

**Context**: Business users needed a way to validate ontology versions: run soft
consistency checks, sign off through a review workflow, and keep an auditable trail
of who decided what. Built on top of the existing `DRAFT -> IN-REVIEW -> PUBLISHED`
version lifecycle (extend, not replace). Decisions: builder/admin can submit & publish,
any domain member can sign off, publish is **quorum**-gated (`review_quorum`), and the
consistency checks are advisory (**soft** gate). Every decision and lifecycle change is
persisted (with a status snapshot) to a new registry table.

**Changes**:
1. `src/back/objects/registry/store/lakebase/schema.sql` — new `domain_review_events`
   table (append-only audit log) with `actor`, `action`, `from_status`, `to_status`,
   `comment`, `meta`, `created_at` + `idx_review_events_domain_version`.
2. `src/back/objects/registry/store/base.py` — `ReviewEvent` TypedDict and the
   `record_review_event` / `list_review_events` / `list_all_review_events` abstract
   methods on `RegistryStore`.
3. `src/back/objects/registry/store/lakebase/store.py` — Lakebase implementation +
   `_ensure_review_events_table()` self-heal (mirrors the `build_runs` pattern);
   `domain_review_events` added to `_KNOWN_TABLES`.
4. `src/back/objects/registry/RegistryService.py` — thin wrappers delegating to the store.
5. `src/back/objects/registry/ReviewService.py` (new) — stateless workflow orchestrator:
   `my_tasks`, `review_detail`, `submit`, `signoff`, `publish`, `reopen` plus helpers
   (`_summarize`, `_pending_actions`, `_resolve_roles`, quorum/role checks). Approvals reset
   on resubmit / change-request / publish.
6. `src/back/objects/registry/__init__.py` — lazy `ReviewService` export via `__getattr__`
   to avoid a registry↔session import cycle.
7. `src/api/routers/internal/review.py` (new) + `__init__.py` — `/review` router:
   `GET /my-tasks`, `GET /{folder}/{version}`, and POST `submit|signoff|publish|reopen`,
   resolving the caller's role against the *target* domain.
8. `src/front/config/menu_config.json` — Registry → Review → "My Tasks" and Domain →
   "Validation" menu items.
9. `src/front/templates/registry.html` + `partials/registry/_registry_my_tasks.html` (new)
   + `static/registry/js/registry-my-tasks.js` (new) + css — cross-domain worklist with
   context-aware actions.
10. `src/front/templates/domain.html` + `partials/domain/_domain_review.html` (new) +
    `static/domain/js/domain-review.js` (new) + css, wired via `domain.js` — per-version
    Validation workspace: status banner with quorum progress, soft consistency-check summary
    (`/validate/detailed`), action buttons, and the audit timeline.
11. Tests: `tests/units/registry/test_review_service.py` (new),
    `tests/units/registry/test_registry_store.py` (review-event round-trips),
    `tests/units/api/test_review_endpoints.py` (new).
12. Docs: `README.md` + `docs/user-guide.md` — Validation & Review workflow section.

**Test result**: full `tests/units` suite green (review service, store, and endpoint tests pass).

---

## My Tasks worklist surfaced on the Home page

> Reconstructed from the codebase — original verbatim entry lost in the same overwrite.

**Context**: Make pending review actions visible immediately on landing, as a new section
just below "Current domain".

**Changes**:
1. `src/front/templates/home.html` — `extra_css` includes `registry-my-tasks.css`; new
   `#homeTasksSection` (hidden by default) with `#homeTasksContainer` placed right after
   `#sessionPanel`; loads the new script.
2. `src/front/static/home/js/home-tasks.js` (new) — fetches `/review/my-tasks`, reveals the
   section only when tasks exist, renders the compact worklist, and wires inline actions
   (Submit / Publish with confirm; "Review & sign off" loads the domain and deep-links to
   Domain → Validation). Fails closed (section stays hidden) if the review API is unavailable
   so the home page is never blocked.

**Modified files**:
- `src/front/templates/home.html`
- `src/front/static/home/js/home-tasks.js` (new)

**Test result**: `pytest tests/units/api tests/units/domain` -> 367 passed (includes
`test_ui_rendering.py`, which renders `home.html`). No backend changes.

---

## Review comments — per-transition comment prompt + chat-style history viewer

**Context**: The review/validation workflow already persists a `comment` on every event
(`domain_review_events`), but the UI only collected one on sign-off; all other status switches
(submit / publish / reopen) went through a plain confirm dialog with no note, and there was no
way to read the full comment thread from the worklists. This adds a comment popup to *every*
status switch and a chat-style "all comments" viewer reachable from the task lists.

**Changes**:
1. `src/front/static/global/js/review-modals.js` (new) — shared `window.ReviewModals` helper,
   loaded globally. `promptComment(opts)` returns a `Promise<{confirmed, comment}>` (confirm
   dialog with an attached, optionally-required comment textarea); `showComments(folder, version)`
   fetches `/review/{folder}/{version}` and renders the full event history as chat bubbles
   (actor avatar, action label, `from -> to` transition chip, timestamp, comment body).
2. `src/front/static/global/css/review-modals.css` (new) — styling for the chat bubbles/avatars,
   using existing `--db-*` custom properties.
3. `src/front/templates/base.html` — load the shared CSS (after `help-modal.css`) and the shared
   JS (after `utils.js`, defer) so all three surfaces (home, registry, domain) share one impl.
4. `src/front/static/domain/js/domain-review.js` — submit / publish / reopen now open
   `ReviewModals.promptComment` (comment persisted to the audit trail); approve / request-changes
   reuse the same prompt (request-changes requires a comment). Removed the bespoke in-page
   sign-off modal wiring (`openSignoffModal` / `submitSignoff` / `signoffModal`).
5. `src/front/templates/partials/domain/_domain_review.html` — removed the now-unused
   `#reviewSignoffModal` markup.
6. `src/front/static/registry/js/registry-my-tasks.js` and
   `src/front/static/home/js/home-tasks.js` — added a per-row "comments" button
   (`ReviewModals.showComments`) and switched the inline `transition()` from `showConfirmDialog`
   to `ReviewModals.promptComment`, forwarding the typed comment in the POST body.
7. `src/api/routers/internal/review.py` — import `ReviewService` directly from its submodule
   (`back.objects.registry.ReviewService`) instead of the lazily re-exported package attribute,
   removing a test-collection-order fragility (the submodule name shadowed the re-exported class).
8. `tests/units/registry/test_review_service.py` — added comment-persistence tests for every
   status switch (`test_submit_persists_comment`, `test_signoff_approve_persists_comment`,
   `test_signoff_request_changes_persists_comment`, `test_publish_persists_comment`,
   `test_reopen_persists_comment`) plus `test_review_detail_surfaces_events_with_comments`
   (the data source for the chat viewer).
9. `tests/units/api/test_ui_rendering.py` — added `test_review_modals_assets_loaded` asserting the
   shared `review-modals.js` / `review-modals.css` are wired into base.html on every page.

**Modified files**:
- `src/front/static/global/js/review-modals.js` (new)
- `src/front/static/global/css/review-modals.css` (new)
- `src/front/templates/base.html`
- `src/front/static/domain/js/domain-review.js`
- `src/front/templates/partials/domain/_domain_review.html`
- `src/front/static/registry/js/registry-my-tasks.js`
- `src/front/static/home/js/home-tasks.js`
- `src/api/routers/internal/review.py`
- `tests/units/registry/test_review_service.py`
- `tests/units/api/test_ui_rendering.py`

**Test result**: `pytest tests/units --ignore=tests/property` -> 2275 passed, 11 skipped
(8 new tests). `node --check` clean on all four JS files. Review endpoint tests pass in any
collection order.

---

## Domain -> Audit trail (unified review comments + build runs)

**Context**: Status-change comments lived only inside the per-version Validation timeline and the
build-run history lived in its own Runs page. Users wanted a single domain-wide activity feed that
interleaves both: every status switch (with its comment) and every build run + result.

**Changes**:
1. `src/back/objects/domain/Domain.py` — added `audit_trail_result(svc, *, limit)`: merges the
   review/validation event log (`list_review_events`, all versions) with the build-run history
   (`load_build_runs`) for the loaded domain and returns both streams raw (UI interleaves/sorts).
2. `src/api/routers/internal/domain.py` — new `GET /domain/audit-trail` endpoint (limit-capped)
   delegating to `Domain.audit_trail_result`.
3. `src/front/config/menu_config.json` — new "Audit trail" item (`id: audit`, `bi-journal-text`)
   under Domain -> Management, after Runs.
4. `src/front/templates/partials/domain/_domain_audit.html` (new) — header, All / Status & comments
   / Builds filter pills, and a timeline container.
5. `src/front/static/domain/js/domain-audit.js` (new) — fetches `/domain/audit-trail`, builds one
   newest-first timeline of review events (action, `from -> to` chip, comment, actor) and build runs
   (status, version, triples/duration/engine, message/error), with client-side filtering. Build
   entries reuse the run-details popup via `window.showRunDetailsObj`.
6. `src/front/static/domain/css/domain-audit.css` (new) — timeline marker/line/card styling.
7. `src/front/static/domain/js/domain-runs.js` — refactored `showRunDetails(idx)` into a reusable
   `showRunDetailsObj(run)` (exposed on `window`) so the audit timeline opens the same modal.
8. `src/front/templates/domain.html` — new `#audit-section` div, plus the audit CSS/JS includes.
9. `src/front/static/domain/js/domain.js` — load the audit trail when its section is activated.
10. `tests/units/domain/test_domain_service.py` — `TestAuditTrail` (merge shape, folder/limit
    forwarding, configured-registry and saved-domain guards).
11. `tests/units/api/test_ui_rendering.py` — `runs-section` / `audit-section` div checks and
    `test_audit_section_link_and_script` (sidebar link + `domain-audit.js` load).

**Modified files**:
- `src/back/objects/domain/Domain.py`
- `src/api/routers/internal/domain.py`
- `src/front/config/menu_config.json`
- `src/front/templates/partials/domain/_domain_audit.html` (new)
- `src/front/static/domain/js/domain-audit.js` (new)
- `src/front/static/domain/css/domain-audit.css` (new)
- `src/front/static/domain/js/domain-runs.js`
- `src/front/templates/domain.html`
- `src/front/static/domain/js/domain.js`
- `tests/units/domain/test_domain_service.py`
- `tests/units/api/test_ui_rendering.py`

**Test result**: `pytest tests/units --ignore=tests/property` -> 2282 passed, 11 skipped
(7 new tests). `node --check` clean on all touched JS files.

**Fix (same day)**: opening a build's details from the Audit trail froze the screen (dark backdrop,
no dialog). The run-details modal lived inside `#runs-section`, which is `display:none` whenever
another section is active, so Bootstrap showed the backdrop but the dialog stayed invisible. Moved
`#runDetailsModal` out of `partials/domain/_domain_runs.html` to page level in `domain.html` (outside
any `.sidebar-section`) so it opens correctly from both Runs and Audit trail.
- `src/front/templates/domain.html`
- `src/front/templates/partials/domain/_domain_runs.html`

**Deploy migration (same day)**: the `domain_review_events` table only existed in `schema.sql` and the
app's runtime self-heal. Added it to the idempotent owner-run migration block in
`scripts/bootstrap-lakebase-perms.sh` (Step 2b), which `scripts/deploy.sh` runs on every Lakebase
deploy — so redeploys provision the table reliably as the schema owner rather than relying on the
app SP's runtime CREATE. Verified via `make deploy`: both apps RUNNING and the migration logged
"schema migrations applied (domain_versions.status, build_runs, domain_review_events)" with
`domain_review_events` created fresh.
- `scripts/bootstrap-lakebase-perms.sh`

---

## Audit trail & Runs — version dropdown filter

**Context**: Both the Audit trail and Runs sections showed every version at once. Users wanted to
filter by version, defaulting to the current version.

**Changes**:
1. `src/back/objects/domain/Domain.py` — `audit_trail_result` and `list_build_runs_result` now also
   return `versions` (`list_versions_sorted`) and `current_version` so the UI can build a dropdown.
2. `src/front/templates/partials/domain/_domain_audit.html` and `_domain_runs.html` — added a
   `<select>` version filter (defaults to "All versions", JS pre-selects the current version).
3. `src/front/static/domain/js/domain-audit.js` — fetches all versions once and filters the merged
   timeline (events + runs) client-side by the selected version; dropdown defaults to current.
4. `src/front/static/domain/js/domain-runs.js` — extracted `_renderRunsTable()` + `_populateRunsVersions()`;
   the table filters the cached runs client-side by the selected version (default current).
5. `tests/units/domain/test_domain_service.py` — `test_returns_versions_for_dropdown`.

**Modified files**:
- `src/back/objects/domain/Domain.py`
- `src/front/templates/partials/domain/_domain_audit.html`
- `src/front/templates/partials/domain/_domain_runs.html`
- `src/front/static/domain/js/domain-audit.js`
- `src/front/static/domain/js/domain-runs.js`
- `tests/units/domain/test_domain_service.py`

**Test result**: `pytest tests/units --ignore=tests/property` -> 2283 passed, 11 skipped.
`node --check` clean on both JS files.
